mode: set
github.com/SmirnovND/toolbox/pkg/luna/luna.go:7.45,9.33 2 1
github.com/SmirnovND/toolbox/pkg/luna/luna.go:9.33,11.17 2 1
github.com/SmirnovND/toolbox/pkg/luna/luna.go:11.17,13.4 1 1
github.com/SmirnovND/toolbox/pkg/luna/luna.go:14.3,14.33 1 1
github.com/SmirnovND/toolbox/pkg/luna/luna.go:17.2,20.40 3 1
github.com/SmirnovND/toolbox/pkg/luna/luna.go:20.40,23.15 2 1
github.com/SmirnovND/toolbox/pkg/luna/luna.go:23.15,25.17 2 1
github.com/SmirnovND/toolbox/pkg/luna/luna.go:25.17,27.5 1 1
github.com/SmirnovND/toolbox/pkg/luna/luna.go:30.3,31.23 2 1
github.com/SmirnovND/toolbox/pkg/luna/luna.go:34.2,34.20 1 1
github.com/SmirnovND/toolbox/pkg/http/client.go:13.32,17.2 1 1
github.com/SmirnovND/toolbox/pkg/http/client.go:19.48,21.2 1 1
github.com/SmirnovND/toolbox/pkg/db/client.go:14.31,17.2 2 0
github.com/SmirnovND/toolbox/pkg/db/client.go:19.33,20.15 1 0
github.com/SmirnovND/toolbox/pkg/db/client.go:20.15,22.3 1 0
github.com/SmirnovND/toolbox/pkg/db/client.go:24.2,29.16 2 0
github.com/SmirnovND/toolbox/pkg/db/client.go:29.16,31.3 1 0
github.com/SmirnovND/toolbox/pkg/db/client.go:33.2,36.11 3 0
github.com/SmirnovND/toolbox/pkg/db/transaction.go:12.61,16.2 1 1
github.com/SmirnovND/toolbox/pkg/db/transaction.go:18.94,20.16 2 0
github.com/SmirnovND/toolbox/pkg/db/transaction.go:20.16,22.3 1 0
github.com/SmirnovND/toolbox/pkg/db/transaction.go:24.2,24.15 1 0
github.com/SmirnovND/toolbox/pkg/db/transaction.go:24.15,25.31 1 0
github.com/SmirnovND/toolbox/pkg/db/transaction.go:25.31,27.12 2 0
github.com/SmirnovND/toolbox/pkg/db/transaction.go:28.9,28.24 1 0
github.com/SmirnovND/toolbox/pkg/db/transaction.go:28.24,30.4 1 0
github.com/SmirnovND/toolbox/pkg/db/transaction.go:30.9,32.4 1 0
github.com/SmirnovND/toolbox/pkg/db/transaction.go:35.2,36.12 2 0
github.com/SmirnovND/toolbox/pkg/auth/jwt.go:16.74,17.71 1 1
github.com/SmirnovND/toolbox/pkg/auth/jwt.go:17.71,20.17 2 1
github.com/SmirnovND/toolbox/pkg/auth/jwt.go:20.17,23.4 2 1
github.com/SmirnovND/toolbox/pkg/auth/jwt.go:26.3,26.105 1 1
github.com/SmirnovND/toolbox/pkg/auth/jwt.go:26.105,28.4 1 1
github.com/SmirnovND/toolbox/pkg/auth/jwt.go:30.3,30.33 1 1
github.com/SmirnovND/toolbox/pkg/auth/jwt.go:30.33,33.4 2 1
github.com/SmirnovND/toolbox/pkg/auth/jwt.go:35.3,40.23 5 1
github.com/SmirnovND/toolbox/pkg/auth/jwt.go:44.48,46.22 2 1
github.com/SmirnovND/toolbox/pkg/auth/jwt.go:46.22,48.28 2 1
github.com/SmirnovND/toolbox/pkg/auth/jwt.go:48.28,50.4 1 1
github.com/SmirnovND/toolbox/pkg/auth/jwt.go:53.2,54.38 2 1
github.com/SmirnovND/toolbox/pkg/auth/jwt.go:54.38,56.3 1 1
github.com/SmirnovND/toolbox/pkg/auth/jwt.go:58.2,58.57 1 1
github.com/SmirnovND/toolbox/pkg/formater/response.go:8.53,10.16 2 1
github.com/SmirnovND/toolbox/pkg/formater/response.go:10.16,12.3 1 0
github.com/SmirnovND/toolbox/pkg/formater/response.go:14.2,14.26 1 1
github.com/SmirnovND/toolbox/pkg/logger/logger.go:19.62,24.2 3 1
github.com/SmirnovND/toolbox/pkg/logger/logger.go:26.61,30.2 2 1
github.com/SmirnovND/toolbox/pkg/logger/logger.go:32.47,33.56 1 1
github.com/SmirnovND/toolbox/pkg/logger/logger.go:33.56,57.3 6 1
github.com/SmirnovND/toolbox/pkg/logger/logger.go:58.2,58.32 1 1
github.com/SmirnovND/toolbox/pkg/compressor/compressor.go:16.58,18.2 1 1
github.com/SmirnovND/toolbox/pkg/compressor/compressor.go:21.50,23.2 1 1
github.com/SmirnovND/toolbox/pkg/compressor/compressor.go:26.54,27.71 1 1
github.com/SmirnovND/toolbox/pkg/compressor/compressor.go:27.71,28.65 1 1
github.com/SmirnovND/toolbox/pkg/compressor/compressor.go:28.65,31.4 2 1
github.com/SmirnovND/toolbox/pkg/compressor/compressor.go:33.3,39.38 5 1
github.com/SmirnovND/toolbox/pkg/compressor/compressor.go:44.56,45.71 1 1
github.com/SmirnovND/toolbox/pkg/compressor/compressor.go:45.71,46.49 1 1
github.com/SmirnovND/toolbox/pkg/compressor/compressor.go:46.49,48.18 2 1
github.com/SmirnovND/toolbox/pkg/compressor/compressor.go:48.18,51.5 2 0
github.com/SmirnovND/toolbox/pkg/compressor/compressor.go:52.4,54.29 2 1
github.com/SmirnovND/toolbox/pkg/compressor/compressor.go:57.3,57.23 1 1
github.com/SmirnovND/toolbox/pkg/migrations/migrations.go:11.34,13.16 2 0
github.com/SmirnovND/toolbox/pkg/migrations/migrations.go:13.16,17.3 1 0
github.com/SmirnovND/toolbox/pkg/migrations/migrations.go:19.2,24.16 2 0
github.com/SmirnovND/toolbox/pkg/migrations/migrations.go:24.16,28.3 1 0
github.com/SmirnovND/toolbox/pkg/migrations/migrations.go:31.2,31.61 1 0
github.com/SmirnovND/toolbox/pkg/migrations/migrations.go:31.61,35.3 1 0
github.com/SmirnovND/toolbox/pkg/migrations/migrations.go:35.8,37.3 1 0
github.com/SmirnovND/toolbox/pkg/rabbitmq/connection.go:14.60,16.16 2 0
github.com/SmirnovND/toolbox/pkg/rabbitmq/connection.go:16.16,18.3 1 0
github.com/SmirnovND/toolbox/pkg/rabbitmq/connection.go:19.2,19.40 1 0
github.com/SmirnovND/toolbox/pkg/rabbitmq/connection.go:23.38,24.19 1 0
github.com/SmirnovND/toolbox/pkg/rabbitmq/connection.go:24.19,26.3 1 0
github.com/SmirnovND/toolbox/pkg/rabbitmq/consumer.go:13.85,15.16 2 0
github.com/SmirnovND/toolbox/pkg/rabbitmq/consumer.go:15.16,17.3 1 0
github.com/SmirnovND/toolbox/pkg/rabbitmq/consumer.go:19.2,27.16 2 0
github.com/SmirnovND/toolbox/pkg/rabbitmq/consumer.go:27.16,29.3 1 0
github.com/SmirnovND/toolbox/pkg/rabbitmq/consumer.go:31.2,34.3 1 0
github.com/SmirnovND/toolbox/pkg/rabbitmq/consumer.go:37.68,47.2 1 0
github.com/SmirnovND/toolbox/pkg/rabbitmq/consumer.go:49.36,51.2 1 0
github.com/SmirnovND/toolbox/pkg/rabbitmq/producer.go:15.67,17.16 2 0
github.com/SmirnovND/toolbox/pkg/rabbitmq/producer.go:17.16,19.3 1 0
github.com/SmirnovND/toolbox/pkg/rabbitmq/producer.go:21.2,32.16 2 0
github.com/SmirnovND/toolbox/pkg/rabbitmq/producer.go:32.16,34.3 1 0
github.com/SmirnovND/toolbox/pkg/rabbitmq/producer.go:36.2,38.3 1 0
github.com/SmirnovND/toolbox/pkg/rabbitmq/producer.go:41.108,56.2 2 0
github.com/SmirnovND/toolbox/pkg/rabbitmq/producer.go:58.36,60.2 1 0
github.com/SmirnovND/toolbox/pkg/paramsparser/parser.go:10.75,14.16 4 1
github.com/SmirnovND/toolbox/pkg/paramsparser/parser.go:14.16,17.3 2 1
github.com/SmirnovND/toolbox/pkg/paramsparser/parser.go:18.2,18.18 1 1
github.com/SmirnovND/toolbox/pkg/paramsparser/parser.go:21.72,24.16 2 1
github.com/SmirnovND/toolbox/pkg/paramsparser/parser.go:24.16,27.3 2 0
github.com/SmirnovND/toolbox/pkg/paramsparser/parser.go:29.2,29.26 1 1
